2017/01/04 20:49:42: info: btscanner starting
2017/01/04 20:49:43: error: get_max_devices(): no valid HCI devices were found
2017/01/04 20:49:43: info: btscanner shutting down
2017/01/04 20:50:47: info: btscanner starting
2017/01/04 20:50:47: error: get_max_devices(): no valid HCI devices were found
2017/01/04 20:50:47: info: btscanner shutting down
2017/01/04 20:55:26: info: btscanner starting
2017/01/04 20:55:26: error: get_max_devices(): no valid HCI devices were found
2017/01/04 20:55:26: info: btscanner shutting down
2017/01/04 21:05:50: info: btscanner starting
2017/01/04 21:05:50: error: get_max_devices(): no valid HCI devices were found
2017/01/04 21:05:50: info: btscanner shutting down
2017/01/04 21:07:06: info: btscanner starting
2017/01/04 21:07:06: error: get_max_devices(): no valid HCI devices were found
2017/01/04 21:07:06: info: btscanner shutting down
2017/01/04 21:09:11: info: btscanner starting
2017/01/04 21:09:46: info: threader_start::pthread_create(): created thread -978766080
2017/01/04 21:23:38: info: btscanner starting
2017/01/04 21:23:38: error: get_max_devices(): no valid HCI devices were found
2017/01/04 21:23:38: info: btscanner shutting down
2017/01/04 21:23:44: info: btscanner starting
2017/01/04 21:23:45: error: get_max_devices(): no valid HCI devices were found
2017/01/04 21:23:45: info: btscanner shutting down
2017/01/04 21:23:59: info: btscanner starting
2017/01/04 21:23:59: error: get_max_devices(): no valid HCI devices were found
2017/01/04 21:23:59: info: btscanner shutting down
2017/01/04 21:24:38: info: btscanner starting
2017/01/04 21:24:41: info: threader_start::pthread_create(): created thread 1384568576
